# JRE version: OpenJDK Runtime Environment GraalVM CE 22.3.0 (17.0.5+8) (build 17.0.5+8-jvmci-22.3-b08)
# Java VM: OpenJDK 64-Bit Server VM GraalVM CE 22.3.0 (17.0.5+8-jvmci-22.3-b08, mixed mode, sharing, tiered, jvmci, jvmci compiler, compressed oops, compressed class ptrs, parallel gc, linux-amd64)
GC Precious Log:
 CPUs: 8 total, 1 available
 Memory: 1024M
 Large Page Support: Disabled
 NUMA Support: Disabled
 Compressed Oops: Enabled (32-bit)
 Alignments: Space 512K, Generation 512K, Heap 2M
 Heap Min Capacity: 100M
 Heap Initial Capacity: 100M
 Heap Max Capacity: 512M
 Pre-touch: Disabled
 Parallel Workers: 1
Heap:
 PSYoungGen      total 38912K, used 26111K [0x00000000f5580000, 0x00000000f8a00000, 0x0000000100000000)
  eden space 26112K, 99% used [0x00000000f5580000,0x00000000f6effff8,0x00000000f6f00000)
  from space 12800K, 0% used [0x00000000f7c80000,0x00000000f7c80000,0x00000000f8900000)
  to   space 13312K, 0% used [0x00000000f6f00000,0x00000000f6f00000,0x00000000f7c00000)
 ParOldGen       total 349696K, used 349695K [0x00000000e0000000, 0x00000000f5580000, 0x00000000f5580000)
  object space 349696K, 99% used [0x00000000e0000000,0x00000000f557fff0,0x00000000f5580000)
 Metaspace       used 55659K, committed 56512K, reserved 1105920K
  class space    used 5505K, committed 5888K, reserved 1048576K
GC Heap History (20 events):
Event: 668.880 GC heap before
{Heap before GC invocations=573 (full 501):
 PSYoungGen      total 38912K, used 26112K [0x00000000f5580000, 0x00000000f8a00000, 0x0000000100000000)
  eden space 26112K, 100% used [0x00000000f5580000,0x00000000f6f00000,0x00000000f6f00000)
  from space 12800K, 0% used [0x00000000f7c80000,0x00000000f7c80000,0x00000000f8900000)
  to   space 13312K, 0% used [0x00000000f6f00000,0x00000000f6f00000,0x00000000f7c00000)
 ParOldGen       total 349696K, used 349695K [0x00000000e0000000, 0x00000000f5580000, 0x00000000f5580000)
  object space 349696K, 99% used [0x00000000e0000000,0x00000000f557ffa8,0x00000000f5580000)
 Metaspace       used 55659K, committed 56512K, reserved 1105920K
  class space    used 5505K, committed 5888K, reserved 1048576K
}
Event: 670.168 GC heap after
{Heap after GC invocations=573 (full 501):
 PSYoungGen      total 39424K, used 26112K [0x00000000f5580000, 0x00000000f8a00000, 0x0000000100000000)
  eden space 26112K, 100% used [0x00000000f5580000,0x00000000f6f00000,0x00000000f6f00000)
  from space 13312K, 0% used [0x00000000f6f00000,0x00000000f6f00000,0x00000000f7c00000)
  to   space 12800K, 0% used [0x00000000f7c80000,0x00000000f7c80000,0x00000000f8900000)
 ParOldGen       total 349696K, used 349695K [0x00000000e0000000, 0x00000000f5580000, 0x00000000f5580000)
  object space 349696K, 99% used [0x00000000e0000000,0x00000000f557fdc0,0x00000000f5580000)
 Metaspace       used 55659K, committed 56512K, reserved 1105920K
  class space    used 5505K, committed 5888K, reserved 1048576K
}
Event: 670.170 GC heap before
{Heap before GC invocations=574 (full 502):
 PSYoungGen      total 39424K, used 26112K [0x00000000f5580000, 0x00000000f8a00000, 0x0000000100000000)
  eden space 26112K, 100% used [0x00000000f5580000,0x00000000f6f00000,0x00000000f6f00000)
  from space 13312K, 0% used [0x00000000f6f00000,0x00000000f6f00000,0x00000000f7c00000)
  to   space 12800K, 0% used [0x00000000f7c80000,0x00000000f7c80000,0x00000000f8900000)
 ParOldGen       total 349696K, used 349695K [0x00000000e0000000, 0x00000000f5580000, 0x00000000f5580000)
  object space 349696K, 99% used [0x00000000e0000000,0x00000000f557ff38,0x00000000f5580000)
 Metaspace       used 55659K, committed 56512K, reserved 1105920K
  class space    used 5505K, committed 5888K, reserved 1048576K
}
Event: 671.475 GC heap after
{Heap after GC invocations=574 (full 502):
 PSYoungGen      total 38912K, used 26112K [0x00000000f5580000, 0x00000000f8a00000, 0x0000000100000000)
  eden space 26112K, 100% used [0x00000000f5580000,0x00000000f6f00000,0x00000000f6f00000)
  from space 12800K, 0% used [0x00000000f7c80000,0x00000000f7c80000,0x00000000f8900000)
  to   space 13312K, 0% used [0x00000000f6f00000,0x00000000f6f00000,0x00000000f7c00000)
 ParOldGen       total 349696K, used 349695K [0x00000000e0000000, 0x00000000f5580000, 0x00000000f5580000)
  object space 349696K, 99% used [0x00000000e0000000,0x00000000f557ff38,0x00000000f5580000)
 Metaspace       used 55659K, committed 56512K, reserved 1105920K
  class space    used 5505K, committed 5888K, reserved 1048576K
}
Event: 671.475 GC heap before
{Heap before GC invocations=575 (full 503):
 PSYoungGen      total 38912K, used 26112K [0x00000000f5580000, 0x00000000f8a00000, 0x0000000100000000)
  eden space 26112K, 100% used [0x00000000f5580000,0x00000000f6f00000,0x00000000f6f00000)
  from space 12800K, 0% used [0x00000000f7c80000,0x00000000f7c80000,0x00000000f8900000)
  to   space 13312K, 0% used [0x00000000f6f00000,0x00000000f6f00000,0x00000000f7c00000)
 ParOldGen       total 349696K, used 349695K [0x00000000e0000000, 0x00000000f5580000, 0x00000000f5580000)
  object space 349696K, 99% used [0x00000000e0000000,0x00000000f557ff38,0x00000000f5580000)
 Metaspace       used 55659K, committed 56512K, reserved 1105920K
  class space    used 5505K, committed 5888K, reserved 1048576K
}
Event: 672.786 GC heap after
{Heap after GC invocations=575 (full 503):
 PSYoungGen      total 39424K, used 26112K [0x00000000f5580000, 0x00000000f8a00000, 0x0000000100000000)
  eden space 26112K, 100% used [0x00000000f5580000,0x00000000f6f00000,0x00000000f6f00000)
  from space 13312K, 0% used [0x00000000f6f00000,0x00000000f6f00000,0x00000000f7c00000)
  to   space 12800K, 0% used [0x00000000f7c80000,0x00000000f7c80000,0x00000000f8900000)
 ParOldGen       total 349696K, used 349695K [0x00000000e0000000, 0x00000000f5580000, 0x00000000f5580000)
  object space 349696K, 99% used [0x00000000e0000000,0x00000000f557fd78,0x00000000f5580000)
 Metaspace       used 55659K, committed 56512K, reserved 1105920K
  class space    used 5505K, committed 5888K, reserved 1048576K
}
Event: 672.790 GC heap before
{Heap before GC invocations=576 (full 504):
 PSYoungGen      total 39424K, used 26112K [0x00000000f5580000, 0x00000000f8a00000, 0x0000000100000000)
  eden space 26112K, 100% used [0x00000000f5580000,0x00000000f6f00000,0x00000000f6f00000)
  from space 13312K, 0% used [0x00000000f6f00000,0x00000000f6f00000,0x00000000f7c00000)
  to   space 12800K, 0% used [0x00000000f7c80000,0x00000000f7c80000,0x00000000f8900000)
 ParOldGen       total 349696K, used 349696K [0x00000000e0000000, 0x00000000f5580000, 0x00000000f5580000)
  object space 349696K, 100% used [0x00000000e0000000,0x00000000f5580000,0x00000000f5580000)
 Metaspace       used 55659K, committed 56512K, reserved 1105920K
  class space    used 5505K, committed 5888K, reserved 1048576K
}
Event: 674.065 GC heap after
{Heap after GC invocations=576 (full 504):
 PSYoungGen      total 38912K, used 26112K [0x00000000f5580000, 0x00000000f8a00000, 0x0000000100000000)
  eden space 26112K, 100% used [0x00000000f5580000,0x00000000f6f00000,0x00000000f6f00000)
  from space 12800K, 0% used [0x00000000f7c80000,0x00000000f7c80000,0x00000000f8900000)
  to   space 13312K, 0% used [0x00000000f6f00000,0x00000000f6f00000,0x00000000f7c00000)
 ParOldGen       total 349696K, used 349695K [0x00000000e0000000, 0x00000000f5580000, 0x00000000f5580000)
  object space 349696K, 99% used [0x00000000e0000000,0x00000000f557ff90,0x00000000f5580000)
 Metaspace       used 55659K, committed 56512K, reserved 1105920K
  class space    used 5505K, committed 5888K, reserved 1048576K
}
Event: 674.067 GC heap before
{Heap before GC invocations=577 (full 505):
 PSYoungGen      total 38912K, used 26112K [0x00000000f5580000, 0x00000000f8a00000, 0x0000000100000000)
  eden space 26112K, 100% used [0x00000000f5580000,0x00000000f6f00000,0x00000000f6f00000)
  from space 12800K, 0% used [0x00000000f7c80000,0x00000000f7c80000,0x00000000f8900000)
  to   space 13312K, 0% used [0x00000000f6f00000,0x00000000f6f00000,0x00000000f7c00000)
 ParOldGen       total 349696K, used 349695K [0x00000000e0000000, 0x00000000f5580000, 0x00000000f5580000)
  object space 349696K, 99% used [0x00000000e0000000,0x00000000f557ffd0,0x00000000f5580000)
 Metaspace       used 55659K, committed 56512K, reserved 1105920K
  class space    used 5505K, committed 5888K, reserved 1048576K
}
Event: 675.369 GC heap after
{Heap after GC invocations=577 (full 505):
 PSYoungGen      total 39424K, used 26112K [0x00000000f5580000, 0x00000000f8a00000, 0x0000000100000000)
  eden space 26112K, 100% used [0x00000000f5580000,0x00000000f6f00000,0x00000000f6f00000)
  from space 13312K, 0% used [0x00000000f6f00000,0x00000000f6f00000,0x00000000f7c00000)
  to   space 12800K, 0% used [0x00000000f7c80000,0x00000000f7c80000,0x00000000f8900000)
 ParOldGen       total 349696K, used 349695K [0x00000000e0000000, 0x00000000f5580000, 0x00000000f5580000)
  object space 349696K, 99% used [0x00000000e0000000,0x00000000f557ffd0,0x00000000f5580000)
 Metaspace       used 55659K, committed 56512K, reserved 1105920K
  class space    used 5505K, committed 5888K, reserved 1048576K
}
Event: 675.369 GC heap before
{Heap before GC invocations=578 (full 506):
 PSYoungGen      total 39424K, used 26112K [0x00000000f5580000, 0x00000000f8a00000, 0x0000000100000000)
  eden space 26112K, 100% used [0x00000000f5580000,0x00000000f6f00000,0x00000000f6f00000)
  from space 13312K, 0% used [0x00000000f6f00000,0x00000000f6f00000,0x00000000f7c00000)
  to   space 12800K, 0% used [0x00000000f7c80000,0x00000000f7c80000,0x00000000f8900000)
 ParOldGen       total 349696K, used 349695K [0x00000000e0000000, 0x00000000f5580000, 0x00000000f5580000)
  object space 349696K, 99% used [0x00000000e0000000,0x00000000f557ffd0,0x00000000f5580000)
 Metaspace       used 55659K, committed 56512K, reserved 1105920K
  class space    used 5505K, committed 5888K, reserved 1048576K
}
Event: 676.559 GC heap after
{Heap after GC invocations=578 (full 506):
 PSYoungGen      total 38912K, used 26112K [0x00000000f5580000, 0x00000000f8a00000, 0x0000000100000000)
  eden space 26112K, 100% used [0x00000000f5580000,0x00000000f6f00000,0x00000000f6f00000)
  from space 12800K, 0% used [0x00000000f7c80000,0x00000000f7c80000,0x00000000f8900000)
  to   space 13312K, 0% used [0x00000000f6f00000,0x00000000f6f00000,0x00000000f7c00000)
 ParOldGen       total 349696K, used 349695K [0x00000000e0000000, 0x00000000f5580000, 0x00000000f5580000)
  object space 349696K, 99% used [0x00000000e0000000,0x00000000f557ffd0,0x00000000f5580000)
 Metaspace       used 55659K, committed 56512K, reserved 1105920K
  class space    used 5505K, committed 5888K, reserved 1048576K
}
Event: 676.566 GC heap before
{Heap before GC invocations=579 (full 507):
 PSYoungGen      total 38912K, used 26112K [0x00000000f5580000, 0x00000000f8a00000, 0x0000000100000000)
  eden space 26112K, 100% used [0x00000000f5580000,0x00000000f6f00000,0x00000000f6f00000)
  from space 12800K, 0% used [0x00000000f7c80000,0x00000000f7c80000,0x00000000f8900000)
  to   space 13312K, 0% used [0x00000000f6f00000,0x00000000f6f00000,0x00000000f7c00000)
 ParOldGen       total 349696K, used 349696K [0x00000000e0000000, 0x00000000f5580000, 0x00000000f5580000)
  object space 349696K, 100% used [0x00000000e0000000,0x00000000f5580000,0x00000000f5580000)
 Metaspace       used 55659K, committed 56512K, reserved 1105920K
  class space    used 5505K, committed 5888K, reserved 1048576K
}
Event: 677.939 GC heap after
{Heap after GC invocations=579 (full 507):
 PSYoungGen      total 39424K, used 26111K [0x00000000f5580000, 0x00000000f8a00000, 0x0000000100000000)
  eden space 26112K, 99% used [0x00000000f5580000,0x00000000f6efffe0,0x00000000f6f00000)
  from space 13312K, 0% used [0x00000000f6f00000,0x00000000f6f00000,0x00000000f7c00000)
  to   space 12800K, 0% used [0x00000000f7c80000,0x00000000f7c80000,0x00000000f8900000)
 ParOldGen       total 349696K, used 349695K [0x00000000e0000000, 0x00000000f5580000, 0x00000000f5580000)
  object space 349696K, 99% used [0x00000000e0000000,0x00000000f557fd30,0x00000000f5580000)
 Metaspace       used 55659K, committed 56512K, reserved 1105920K
  class space    used 5505K, committed 5888K, reserved 1048576K
}
Event: 677.939 GC heap before
{Heap before GC invocations=580 (full 508):
 PSYoungGen      total 39424K, used 26111K [0x00000000f5580000, 0x00000000f8a00000, 0x0000000100000000)
  eden space 26112K, 99% used [0x00000000f5580000,0x00000000f6effff8,0x00000000f6f00000)
  from space 13312K, 0% used [0x00000000f6f00000,0x00000000f6f00000,0x00000000f7c00000)
  to   space 12800K, 0% used [0x00000000f7c80000,0x00000000f7c80000,0x00000000f8900000)
 ParOldGen       total 349696K, used 349695K [0x00000000e0000000, 0x00000000f5580000, 0x00000000f5580000)
  object space 349696K, 99% used [0x00000000e0000000,0x00000000f557fd30,0x00000000f5580000)
 Metaspace       used 55659K, committed 56512K, reserved 1105920K
  class space    used 5505K, committed 5888K, reserved 1048576K
}
Event: 679.223 GC heap after
{Heap after GC invocations=580 (full 508):
 PSYoungGen      total 38912K, used 26111K [0x00000000f5580000, 0x00000000f8a00000, 0x0000000100000000)
  eden space 26112K, 99% used [0x00000000f5580000,0x00000000f6effff8,0x00000000f6f00000)
  from space 12800K, 0% used [0x00000000f7c80000,0x00000000f7c80000,0x00000000f8900000)
  to   space 13312K, 0% used [0x00000000f6f00000,0x00000000f6f00000,0x00000000f7c00000)
 ParOldGen       total 349696K, used 349695K [0x00000000e0000000, 0x00000000f5580000, 0x00000000f5580000)
  object space 349696K, 99% used [0x00000000e0000000,0x00000000f557fd30,0x00000000f5580000)
 Metaspace       used 55659K, committed 56512K, reserved 1105920K
  class space    used 5505K, committed 5888K, reserved 1048576K
}
Event: 679.223 GC heap before
{Heap before GC invocations=581 (full 509):
 PSYoungGen      total 38912K, used 26111K [0x00000000f5580000, 0x00000000f8a00000, 0x0000000100000000)
  eden space 26112K, 99% used [0x00000000f5580000,0x00000000f6effff8,0x00000000f6f00000)
  from space 12800K, 0% used [0x00000000f7c80000,0x00000000f7c80000,0x00000000f8900000)
  to   space 13312K, 0% used [0x00000000f6f00000,0x00000000f6f00000,0x00000000f7c00000)
 ParOldGen       total 349696K, used 349695K [0x00000000e0000000, 0x00000000f5580000, 0x00000000f5580000)
  object space 349696K, 99% used [0x00000000e0000000,0x00000000f557fe68,0x00000000f5580000)
 Metaspace       used 55659K, committed 56512K, reserved 1105920K
  class space    used 5505K, committed 5888K, reserved 1048576K
}
Event: 680.465 GC heap after
{Heap after GC invocations=581 (full 509):
 PSYoungGen      total 39424K, used 26111K [0x00000000f5580000, 0x00000000f8a00000, 0x0000000100000000)
  eden space 26112K, 99% used [0x00000000f5580000,0x00000000f6effff8,0x00000000f6f00000)
  from space 13312K, 0% used [0x00000000f6f00000,0x00000000f6f00000,0x00000000f7c00000)
  to   space 12800K, 0% used [0x00000000f7c80000,0x00000000f7c80000,0x00000000f8900000)
 ParOldGen       total 349696K, used 349695K [0x00000000e0000000, 0x00000000f5580000, 0x00000000f5580000)
  object space 349696K, 99% used [0x00000000e0000000,0x00000000f557fd48,0x00000000f5580000)
 Metaspace       used 55659K, committed 56512K, reserved 1105920K
  class space    used 5505K, committed 5888K, reserved 1048576K
}
Event: 680.465 GC heap before
{Heap before GC invocations=582 (full 510):
 PSYoungGen      total 39424K, used 26111K [0x00000000f5580000, 0x00000000f8a00000, 0x0000000100000000)
  eden space 26112K, 99% used [0x00000000f5580000,0x00000000f6effff8,0x00000000f6f00000)
  from space 13312K, 0% used [0x00000000f6f00000,0x00000000f6f00000,0x00000000f7c00000)
  to   space 12800K, 0% used [0x00000000f7c80000,0x00000000f7c80000,0x00000000f8900000)
 ParOldGen       total 349696K, used 349695K [0x00000000e0000000, 0x00000000f5580000, 0x00000000f5580000)
  object space 349696K, 99% used [0x00000000e0000000,0x00000000f557fd48,0x00000000f5580000)
 Metaspace       used 55659K, committed 56512K, reserved 1105920K
  class space    used 5505K, committed 5888K, reserved 1048576K
}
Event: 681.665 GC heap after
{Heap after GC invocations=582 (full 510):
 PSYoungGen      total 38912K, used 26111K [0x00000000f5580000, 0x00000000f8a00000, 0x0000000100000000)
  eden space 26112K, 99% used [0x00000000f5580000,0x00000000f6effff8,0x00000000f6f00000)
  from space 12800K, 0% used [0x00000000f7c80000,0x00000000f7c80000,0x00000000f8900000)
  to   space 13312K, 0% used [0x00000000f6f00000,0x00000000f6f00000,0x00000000f7c00000)
 ParOldGen       total 349696K, used 349695K [0x00000000e0000000, 0x00000000f5580000, 0x00000000f5580000)
  object space 349696K, 99% used [0x00000000e0000000,0x00000000f557fd48,0x00000000f5580000)
 Metaspace       used 55659K, committed 56512K, reserved 1105920K
  class space    used 5505K, committed 5888K, reserved 1048576K
}

